<?xml version="1.0" encoding="UTF-8"?>
<!-- Generated by org.testng.reporters.JUnitReportReporter -->
<testsuite skipped="0" hostname="DESKTOP-G37V2UJ" name="com.ikman.testscript.Ikman_testscript" tests="3" failures="0" timestamp="29 Sep 2021 13:44:33 GMT" time="32.542" errors="0">
  <testcase name="login_to_ikman" time="9.440" classname="com.ikman.testscript.Ikman_testscript"/>
  <testcase name="post_ikman" time="11.951" classname="com.ikman.testscript.Ikman_testscript"/>
  <testcase name="setproperty_details" time="11.151" classname="com.ikman.testscript.Ikman_testscript"/>
</testsuite> <!-- com.ikman.testscript.Ikman_testscript -->
